2025-11-05 01:22:17,950 - database - INFO - Database initialized at data/gp4u.db
2025-11-05 01:22:17,950 - __main__ - INFO - GP4U Engine initialized
2025-11-05 01:22:17,950 - __main__ - INFO - Starting refresh cycle...
2025-11-05 01:22:17,951 - __main__ - INFO - Fetched 18 GPUs from 4 providers
2025-11-05 01:22:17,956 - __main__ - INFO - Found 4 arbitrage opportunities
2025-11-05 01:22:17,959 - __main__ - INFO - Waiting 60 seconds until next cycle...
2025-11-05 01:23:18,020 - __main__ - INFO - Starting refresh cycle...
2025-11-05 01:23:18,020 - __main__ - INFO - Fetched 25 GPUs from 4 providers
2025-11-05 01:23:18,026 - __main__ - INFO - Found 4 arbitrage opportunities
2025-11-05 01:23:18,031 - __main__ - INFO - Waiting 60 seconds until next cycle...
2025-11-05 01:24:18,037 - __main__ - INFO - Starting refresh cycle...
2025-11-05 01:24:18,038 - __main__ - INFO - Fetched 26 GPUs from 4 providers
2025-11-05 01:24:18,042 - __main__ - INFO - Found 3 arbitrage opportunities
2025-11-05 01:24:18,047 - __main__ - INFO - Waiting 60 seconds until next cycle...
2025-11-05 01:25:18,106 - __main__ - INFO - Starting refresh cycle...
2025-11-05 01:25:18,107 - __main__ - INFO - Fetched 20 GPUs from 4 providers
2025-11-05 01:25:18,112 - __main__ - INFO - Found 3 arbitrage opportunities
2025-11-05 01:25:18,117 - __main__ - INFO - Waiting 60 seconds until next cycle...
2025-11-05 01:26:18,137 - __main__ - INFO - Starting refresh cycle...
2025-11-05 01:26:18,137 - __main__ - INFO - Fetched 24 GPUs from 4 providers
2025-11-05 01:26:18,142 - __main__ - INFO - Found 3 arbitrage opportunities
2025-11-05 01:26:18,147 - __main__ - INFO - Waiting 60 seconds until next cycle...
2025-11-05 01:27:18,209 - __main__ - INFO - Starting refresh cycle...
2025-11-05 01:27:18,210 - __main__ - INFO - Fetched 27 GPUs from 4 providers
2025-11-05 01:27:18,216 - __main__ - INFO - Found 3 arbitrage opportunities
2025-11-05 01:27:18,223 - __main__ - INFO - Waiting 60 seconds until next cycle...
2025-11-05 01:28:18,282 - __main__ - INFO - Starting refresh cycle...
2025-11-05 01:28:18,283 - __main__ - INFO - Fetched 24 GPUs from 4 providers
2025-11-05 01:28:18,288 - __main__ - INFO - Found 4 arbitrage opportunities
2025-11-05 01:28:18,292 - __main__ - INFO - Waiting 60 seconds until next cycle...
2025-11-05 01:29:18,353 - __main__ - INFO - Starting refresh cycle...
2025-11-05 01:29:18,353 - __main__ - INFO - Fetched 25 GPUs from 4 providers
2025-11-05 01:29:18,360 - __main__ - INFO - Found 4 arbitrage opportunities
2025-11-05 01:29:18,364 - __main__ - INFO - Waiting 60 seconds until next cycle...
2025-11-05 01:30:18,397 - __main__ - INFO - Starting refresh cycle...
2025-11-05 01:30:18,398 - __main__ - INFO - Fetched 18 GPUs from 4 providers
2025-11-05 01:30:18,403 - __main__ - INFO - Found 2 arbitrage opportunities
2025-11-05 01:30:18,407 - __main__ - INFO - Waiting 60 seconds until next cycle...
2025-11-05 01:31:18,464 - __main__ - INFO - Starting refresh cycle...
2025-11-05 01:31:18,464 - __main__ - INFO - Fetched 23 GPUs from 4 providers
2025-11-05 01:31:18,470 - __main__ - INFO - Found 2 arbitrage opportunities
2025-11-05 01:31:18,474 - __main__ - INFO - Waiting 60 seconds until next cycle...
2025-11-05 01:32:18,534 - __main__ - INFO - Starting refresh cycle...
2025-11-05 01:32:18,535 - __main__ - INFO - Fetched 17 GPUs from 4 providers
2025-11-05 01:32:18,540 - __main__ - INFO - Found 3 arbitrage opportunities
2025-11-05 01:32:18,545 - __main__ - INFO - Waiting 60 seconds until next cycle...
2025-11-05 01:33:18,605 - __main__ - INFO - Starting refresh cycle...
2025-11-05 01:33:18,605 - __main__ - INFO - Fetched 25 GPUs from 4 providers
2025-11-05 01:33:18,612 - __main__ - INFO - Found 5 arbitrage opportunities
2025-11-05 01:33:18,618 - __main__ - INFO - Waiting 60 seconds until next cycle...
2025-11-05 01:34:18,670 - __main__ - INFO - Starting refresh cycle...
2025-11-05 01:34:18,670 - __main__ - INFO - Fetched 18 GPUs from 4 providers
2025-11-05 01:34:18,694 - __main__ - INFO - Found 2 arbitrage opportunities
2025-11-05 01:34:18,699 - __main__ - INFO - Waiting 60 seconds until next cycle...
2025-11-05 01:35:18,740 - __main__ - INFO - Starting refresh cycle...
2025-11-05 01:35:18,741 - __main__ - INFO - Fetched 18 GPUs from 4 providers
2025-11-05 01:35:18,745 - __main__ - INFO - Found 3 arbitrage opportunities
2025-11-05 01:35:18,750 - __main__ - INFO - Waiting 60 seconds until next cycle...
2025-11-05 01:36:18,805 - __main__ - INFO - Starting refresh cycle...
2025-11-05 01:36:18,806 - __main__ - INFO - Fetched 21 GPUs from 4 providers
2025-11-05 01:36:18,812 - __main__ - INFO - Found 3 arbitrage opportunities
2025-11-05 01:36:18,816 - __main__ - INFO - Waiting 60 seconds until next cycle...
2025-11-05 01:37:18,845 - __main__ - INFO - Starting refresh cycle...
2025-11-05 01:37:18,846 - __main__ - INFO - Fetched 25 GPUs from 4 providers
2025-11-05 01:37:18,850 - __main__ - INFO - Found 5 arbitrage opportunities
2025-11-05 01:37:18,855 - __main__ - INFO - Waiting 60 seconds until next cycle...
2025-11-05 01:38:18,915 - __main__ - INFO - Starting refresh cycle...
2025-11-05 01:38:18,916 - __main__ - INFO - Fetched 24 GPUs from 4 providers
2025-11-05 01:38:18,922 - __main__ - INFO - Found 5 arbitrage opportunities
2025-11-05 01:38:18,926 - __main__ - INFO - Waiting 60 seconds until next cycle...
2025-11-05 01:39:18,986 - __main__ - INFO - Starting refresh cycle...
2025-11-05 01:39:18,987 - __main__ - INFO - Fetched 23 GPUs from 4 providers
2025-11-05 01:39:18,993 - __main__ - INFO - Found 5 arbitrage opportunities
2025-11-05 01:39:19,003 - __main__ - INFO - Waiting 60 seconds until next cycle...
2025-11-05 01:40:19,056 - __main__ - INFO - Starting refresh cycle...
2025-11-05 01:40:19,056 - __main__ - INFO - Fetched 24 GPUs from 4 providers
2025-11-05 01:40:19,063 - __main__ - INFO - Found 5 arbitrage opportunities
2025-11-05 01:40:19,067 - __main__ - INFO - Waiting 60 seconds until next cycle...
2025-11-05 01:41:19,113 - __main__ - INFO - Starting refresh cycle...
2025-11-05 01:41:19,113 - __main__ - INFO - Fetched 17 GPUs from 4 providers
2025-11-05 01:41:19,119 - __main__ - INFO - Found 4 arbitrage opportunities
2025-11-05 01:41:19,123 - __main__ - INFO - Waiting 60 seconds until next cycle...
2025-11-05 01:42:19,179 - __main__ - INFO - Starting refresh cycle...
2025-11-05 01:42:19,179 - __main__ - INFO - Fetched 24 GPUs from 4 providers
2025-11-05 01:42:19,184 - __main__ - INFO - Found 3 arbitrage opportunities
2025-11-05 01:42:19,188 - __main__ - INFO - Waiting 60 seconds until next cycle...
2025-11-05 01:43:19,220 - __main__ - INFO - Starting refresh cycle...
2025-11-05 01:43:19,220 - __main__ - INFO - Fetched 25 GPUs from 4 providers
2025-11-05 01:43:19,227 - __main__ - INFO - Found 5 arbitrage opportunities
2025-11-05 01:43:19,231 - __main__ - INFO - Waiting 60 seconds until next cycle...
2025-11-05 01:44:19,290 - __main__ - INFO - Starting refresh cycle...
2025-11-05 01:44:19,291 - __main__ - INFO - Fetched 22 GPUs from 4 providers
2025-11-05 01:44:19,322 - __main__ - INFO - Found 4 arbitrage opportunities
2025-11-05 01:44:19,335 - __main__ - INFO - Waiting 60 seconds until next cycle...
2025-11-05 01:45:19,397 - __main__ - INFO - Starting refresh cycle...
2025-11-05 01:45:19,398 - __main__ - INFO - Fetched 16 GPUs from 4 providers
2025-11-05 01:45:19,429 - __main__ - INFO - Found 2 arbitrage opportunities
2025-11-05 01:45:19,433 - __main__ - INFO - Waiting 60 seconds until next cycle...
2025-11-05 01:46:19,493 - __main__ - INFO - Starting refresh cycle...
2025-11-05 01:46:19,496 - __main__ - INFO - Fetched 22 GPUs from 4 providers
2025-11-05 01:46:19,525 - __main__ - INFO - Found 4 arbitrage opportunities
2025-11-05 01:46:19,529 - __main__ - INFO - Waiting 60 seconds until next cycle...
2025-11-05 01:47:19,589 - __main__ - INFO - Starting refresh cycle...
2025-11-05 01:47:19,590 - __main__ - INFO - Fetched 22 GPUs from 4 providers
2025-11-05 01:47:19,597 - __main__ - INFO - Found 2 arbitrage opportunities
2025-11-05 01:47:19,601 - __main__ - INFO - Waiting 60 seconds until next cycle...
2025-11-05 01:48:19,632 - __main__ - INFO - Starting refresh cycle...
2025-11-05 01:48:19,633 - __main__ - INFO - Fetched 22 GPUs from 4 providers
2025-11-05 01:48:19,639 - __main__ - INFO - Found 2 arbitrage opportunities
2025-11-05 01:48:19,643 - __main__ - INFO - Waiting 60 seconds until next cycle...
2025-11-05 01:49:19,672 - __main__ - INFO - Starting refresh cycle...
2025-11-05 01:49:19,673 - __main__ - INFO - Fetched 23 GPUs from 4 providers
2025-11-05 01:49:19,688 - __main__ - INFO - Found 6 arbitrage opportunities
2025-11-05 01:49:19,695 - __main__ - INFO - Waiting 60 seconds until next cycle...
2025-11-05 01:50:19,754 - __main__ - INFO - Starting refresh cycle...
2025-11-05 01:50:19,755 - __main__ - INFO - Fetched 16 GPUs from 4 providers
2025-11-05 01:50:19,763 - __main__ - INFO - Found 3 arbitrage opportunities
2025-11-05 01:50:19,768 - __main__ - INFO - Waiting 60 seconds until next cycle...
2025-11-05 01:51:19,781 - __main__ - INFO - Starting refresh cycle...
2025-11-05 01:51:19,781 - __main__ - INFO - Fetched 26 GPUs from 4 providers
2025-11-05 01:51:19,786 - __main__ - INFO - Found 5 arbitrage opportunities
2025-11-05 01:51:19,791 - __main__ - INFO - Waiting 60 seconds until next cycle...
2025-11-05 01:52:19,854 - __main__ - INFO - Starting refresh cycle...
2025-11-05 01:52:19,855 - __main__ - INFO - Fetched 21 GPUs from 4 providers
2025-11-05 01:52:19,871 - __main__ - INFO - Found 3 arbitrage opportunities
2025-11-05 01:52:19,887 - __main__ - INFO - Waiting 60 seconds until next cycle...
2025-11-05 01:53:19,946 - __main__ - INFO - Starting refresh cycle...
2025-11-05 01:53:19,947 - __main__ - INFO - Fetched 27 GPUs from 4 providers
2025-11-05 01:53:19,980 - __main__ - INFO - Found 4 arbitrage opportunities
2025-11-05 01:53:19,983 - __main__ - INFO - Waiting 60 seconds until next cycle...
2025-11-05 01:54:20,047 - __main__ - INFO - Starting refresh cycle...
2025-11-05 01:54:20,049 - __main__ - INFO - Fetched 24 GPUs from 4 providers
2025-11-05 01:54:20,069 - __main__ - INFO - Found 5 arbitrage opportunities
2025-11-05 01:54:20,077 - __main__ - INFO - Waiting 60 seconds until next cycle...
2025-11-05 01:55:20,117 - __main__ - INFO - Starting refresh cycle...
2025-11-05 01:55:20,118 - __main__ - INFO - Fetched 24 GPUs from 4 providers
2025-11-05 01:55:20,125 - __main__ - INFO - Found 3 arbitrage opportunities
2025-11-05 01:55:20,129 - __main__ - INFO - Waiting 60 seconds until next cycle...
2025-11-05 01:56:20,188 - __main__ - INFO - Starting refresh cycle...
2025-11-05 01:56:20,189 - __main__ - INFO - Fetched 21 GPUs from 4 providers
2025-11-05 01:56:20,195 - __main__ - INFO - Found 4 arbitrage opportunities
2025-11-05 01:56:20,199 - __main__ - INFO - Waiting 60 seconds until next cycle...
2025-11-05 01:57:20,255 - __main__ - INFO - Starting refresh cycle...
2025-11-05 01:57:20,255 - __main__ - INFO - Fetched 22 GPUs from 4 providers
2025-11-05 01:57:20,263 - __main__ - INFO - Found 5 arbitrage opportunities
2025-11-05 01:57:20,267 - __main__ - INFO - Waiting 60 seconds until next cycle...
